[    0.000000] Linux version 4.15.0-213-generic (buildd@lcy02-amd64-079) (gcc version 7.5.0 (Ubuntu 7.5.0-3ubuntu1~18.04)) #224-Ubuntu SMP Mon Jun 19 13:30:12 UTC 2023 (Ubuntu 4.15.0-213.224-generic 4.15.18)
[    0.000000] Command line: BOOT_IMAGE=/boot/vmlinuz-4.15.0-213-generic root=UUID=f685bb41-0e3b-40c4-89c1-eea0f0583525 ro console=tty1 console=ttyS0
[    0.000000] KERNEL supported cpus:
[    0.000000]   Intel GenuineIntel
[    0.000000]   AMD AuthenticAMD
[    0.000000]   Centaur CentaurHauls
[    0.000000] x86/fpu: Supporting XSAVE feature 0x001: 'x87 floating point registers'
[    0.000000] x86/fpu: Supporting XSAVE feature 0x002: 'SSE registers'
[    0.000000] x86/fpu: Supporting XSAVE feature 0x004: 'AVX registers'
[    0.000000] x86/fpu: xstate_offset[2]:  576, xstate_sizes[2]:  256
[    0.000000] x86/fpu: Enabled xstate features 0x7, context size is 832 bytes, using 'standard' format.
[    0.000000] e820: BIOS-provided physical RAM map:
[    0.000000] BIOS-e820: [mem 0x0000000000000000-0x000000000009fbff] usable
[    0.000000] BIOS-e820: [mem 0x000000000009fc00-0x000000000009ffff] reserved
[    0.000000] BIOS-e820: [mem 0x00000000000f0000-0x00000000000fffff] reserved
[    0.000000] BIOS-e820: [mem 0x0000000000100000-0x00000000dffeffff] usable
[    0.000000] BIOS-e820: [mem 0x00000000dfff0000-0x00000000dfffffff] ACPI data
[    0.000000] BIOS-e820: [mem 0x00000000fec00000-0x00000000fec00fff] reserved
[    0.000000] BIOS-e820: [mem 0x00000000fee00000-0x00000000fee00fff] reserved
[    0.000000] BIOS-e820: [mem 0x00000000fffc0000-0x00000000ffffffff] reserved
[    0.000000] BIOS-e820: [mem 0x0000000100000000-0x0000000119ffffff] usable
[    0.000000] NX (Execute Disable) protection: active
[    0.000000] SMBIOS 2.5 present.
[    0.000000] DMI: innotek GmbH VirtualBox/VirtualBox, BIOS VirtualBox 12/01/2006
[    0.000000] Hypervisor detected: KVM
[    0.000000] e820: last_pfn = 0x11a000 max_arch_pfn = 0x400000000
[    0.000000] MTRR: Disabled
[    0.000000] x86/PAT: MTRRs disabled, skipping PAT initialization too.
[    0.000000] CPU MTRRs all blank - virtualized system.
[    0.000000] x86/PAT: Configuration [0-7]: WB  WT  UC- UC  WB  WT  UC- UC  
[    0.000000] e820: last_pfn = 0xdfff0 max_arch_pfn = 0x400000000
[    0.000000] found SMP MP-table at [mem 0x0009fff0-0x0009ffff]
[    0.000000] Scanning 1 areas for low memory corruption
[    0.000000] RAMDISK: [mem 0x35819000-0x36c03fff]
[    0.000000] ACPI: Early table checksum verification disabled
[    0.000000] ACPI: RSDP 0x00000000000E0000 000024 (v02 VBOX  )
[    0.000000] ACPI: XSDT 0x00000000DFFF0030 00003C (v01 VBOX   VBOXXSDT 00000001 ASL  00000061)
[    0.000000] ACPI: FACP 0x00000000DFFF00F0 0000F4 (v04 VBOX   VBOXFACP 00000001 ASL  00000061)
[    0.000000] ACPI: DSDT 0x00000000DFFF0610 002353 (v02 VBOX   VBOXBIOS 00000002 INTL 20210930)
[    0.000000] ACPI: FACS 0x00000000DFFF0200 000040
[    0.000000] ACPI: FACS 0x00000000DFFF0200 000040
[    0.000000] ACPI: APIC 0x00000000DFFF0240 00005C (v02 VBOX   VBOXAPIC 00000001 ASL  00000061)
[    0.000000] ACPI: SSDT 0x00000000DFFF02A0 00036C (v01 VBOX   VBOXCPUT 00000002 INTL 20210930)
[    0.000000] ACPI: Reserving FACP table memory at [mem 0xdfff00f0-0xdfff01e3]
[    0.000000] ACPI: Reserving DSDT table memory at [mem 0xdfff0610-0xdfff2962]
[    0.000000] ACPI: Reserving FACS table memory at [mem 0xdfff0200-0xdfff023f]
[    0.000000] ACPI: Reserving FACS table memory at [mem 0xdfff0200-0xdfff023f]
[    0.000000] ACPI: Reserving APIC table memory at [mem 0xdfff0240-0xdfff029b]
[    0.000000] ACPI: Reserving SSDT table memory at [mem 0xdfff02a0-0xdfff060b]
[    0.000000] No NUMA configuration found
[    0.000000] Faking a node at [mem 0x0000000000000000-0x0000000119ffffff]
[    0.000000] NODE_DATA(0) allocated [mem 0x119fd3000-0x119ffdfff]
[    0.000000] kvm-clock: cpu 0, msr 1:19f52001, primary cpu clock
[    0.000000] kvm-clock: Using msrs 4b564d01 and 4b564d00
[    0.000000] kvm-clock: using sched offset of 3382370760 cycles
[    0.000000] clocksource: kvm-clock: mask: 0xffffffffffffffff max_cycles: 0x1cd42e4dffb, max_idle_ns: 881590591483 ns
[    0.000000] Zone ranges:
[    0.000000]   DMA      [mem 0x0000000000001000-0x0000000000ffffff]
[    0.000000]   DMA32    [mem 0x0000000001000000-0x00000000ffffffff]
[    0.000000]   Normal   [mem 0x0000000100000000-0x0000000119ffffff]
[    0.000000]   Device   empty
[    0.000000] Movable zone start for each node
[    0.000000] Early memory node ranges
[    0.000000]   node   0: [mem 0x0000000000001000-0x000000000009efff]
[    0.000000]   node   0: [mem 0x0000000000100000-0x00000000dffeffff]
[    0.000000]   node   0: [mem 0x0000000100000000-0x0000000119ffffff]
[    0.000000] Reserved but unavailable: 104 pages
[    0.000000] Initmem setup node 0 [mem 0x0000000000001000-0x0000000119ffffff]
[    0.000000] ACPI: PM-Timer IO Port: 0x4008
[    0.000000] IOAPIC[0]: apic_id 2, version 32, address 0xfec00000, GSI 0-23
[    0.000000] ACPI: INT_SRC_OVR (bus 0 bus_irq 0 global_irq 2 dfl dfl)
[    0.000000] ACPI: INT_SRC_OVR (bus 0 bus_irq 9 global_irq 9 low level)
[    0.000000] Using ACPI (MADT) for SMP configuration information
[    0.000000] smpboot: Allowing 2 CPUs, 0 hotplug CPUs
[    0.000000] PM: Registered nosave memory: [mem 0x00000000-0x00000fff]
[    0.000000] PM: Registered nosave memory: [mem 0x0009f000-0x0009ffff]
[    0.000000] PM: Registered nosave memory: [mem 0x000a0000-0x000effff]
[    0.000000] PM: Registered nosave memory: [mem 0x000f0000-0x000fffff]
[    0.000000] PM: Registered nosave memory: [mem 0xdfff0000-0xdfffffff]
[    0.000000] PM: Registered nosave memory: [mem 0xe0000000-0xfebfffff]
[    0.000000] PM: Registered nosave memory: [mem 0xfec00000-0xfec00fff]
[    0.000000] PM: Registered nosave memory: [mem 0xfec01000-0xfedfffff]
[    0.000000] PM: Registered nosave memory: [mem 0xfee00000-0xfee00fff]
[    0.000000] PM: Registered nosave memory: [mem 0xfee01000-0xfffbffff]
[    0.000000] PM: Registered nosave memory: [mem 0xfffc0000-0xffffffff]
[    0.000000] e820: [mem 0xe0000000-0xfebfffff] available for PCI devices
[    0.000000] Booting paravirtualized kernel on KVM
[    0.000000] clocksource: refined-jiffies: mask: 0xffffffff max_cycles: 0xffffffff, max_idle_ns: 7645519600211568 ns
[    0.000000] setup_percpu: NR_CPUS:8192 nr_cpumask_bits:2 nr_cpu_ids:2 nr_node_ids:1
[    0.000000] percpu: Embedded 50 pages/cpu s167936 r8192 d28672 u1048576
[    0.000000] PV qspinlock hash table entries: 256 (order: 0, 4096 bytes)
[    0.000000] Built 1 zonelists, mobility grouping on.  Total pages: 1007865
[    0.000000] Policy zone: Normal
[    0.000000] Kernel command line: BOOT_IMAGE=/boot/vmlinuz-4.15.0-213-generic root=UUID=f685bb41-0e3b-40c4-89c1-eea0f0583525 ro console=tty1 console=ttyS0
[    0.000000] Memory: 3914088K/4095544K available (12300K kernel code, 2477K rwdata, 4324K rodata, 2480K init, 2720K bss, 181456K reserved, 0K cma-reserved)
[    0.000000] SLUB: HWalign=64, Order=0-3, MinObjects=0, CPUs=2, Nodes=1
[    0.000000] Kernel/User page tables isolation: enabled
[    0.000000] ftrace: allocating 39508 entries in 155 pages
[    0.004000] Hierarchical RCU implementation.
[    0.004000] 	RCU restricting CPUs from NR_CPUS=8192 to nr_cpu_ids=2.
[    0.004000] 	Tasks RCU enabled.
[    0.004000] RCU: Adjusting geometry for rcu_fanout_leaf=16, nr_cpu_ids=2
[    0.004000] NR_IRQS: 524544, nr_irqs: 440, preallocated irqs: 16
[    0.004000] random: crng init done
[    0.004000] Console: colour VGA+ 80x25
[    0.004000] console [tty1] enabled
[    0.004000] console [ttyS0] enabled
[    0.004000] ACPI: Core revision 20170831
[    0.004000] ACPI: 2 ACPI AML tables successfully acquired and loaded
[    0.004000] APIC: Switch to symmetric I/O mode setup
[    0.004000] x2apic enabled
[    0.004020] Switched APIC routing to physical x2apic.
[    0.012000] ..TIMER: vector=0x30 apic1=0 pin1=2 apic2=-1 pin2=-1
[    0.012003] tsc: Detected 2307.716 MHz processor
[    0.016008] Calibrating delay loop (skipped) preset value.. 4615.43 BogoMIPS (lpj=9230864)
[    0.020003] pid_max: default: 32768 minimum: 301
[    0.024032] Security Framework initialized
[    0.026553] Yama: becoming mindful.
[    0.028032] AppArmor: AppArmor initialized
[    0.035277] Dentry cache hash table entries: 524288 (order: 10, 4194304 bytes)
[    0.037639] Inode-cache hash table entries: 262144 (order: 9, 2097152 bytes)
[    0.040063] Mount-cache hash table entries: 8192 (order: 4, 65536 bytes)
[    0.044055] Mountpoint-cache hash table entries: 8192 (order: 4, 65536 bytes)
[    0.052876] Last level iTLB entries: 4KB 64, 2MB 8, 4MB 8
[    0.056002] Last level dTLB entries: 4KB 64, 2MB 0, 4MB 0, 1GB 4
[    0.059525] Spectre V1 : Mitigation: usercopy/swapgs barriers and __user pointer sanitization
[    0.060003] Spectre V2 : Mitigation: Retpolines
[    0.062700] Spectre V2 : Spectre v2 / SpectreRSB mitigation: Filling RSB on context switch
[    0.064002] Spectre V2 : Spectre v2 / SpectreRSB : Filling RSB on VMEXIT
[    0.068002] RETBleed: WARNING: Spectre v2 mitigation leaves CPU vulnerable to RETBleed attacks, data leaks possible!
[    0.072002] RETBleed: Vulnerable
[    0.073985] Speculative Store Bypass: Vulnerable
[    0.076099] MDS: Mitigation: Clear CPU buffers
[    0.080002] MMIO Stale Data: Mitigation: Clear CPU buffers
[    0.084002] SRBDS: Unknown: Dependent on hypervisor status
[    0.087321] Freeing SMP alternatives memory: 36K
[    0.203428] APIC calibration not consistent with PM-Timer: 102ms instead of 100ms
[    0.204000] APIC delta adjusted to PM-Timer: 6283269 (6431700)
[    0.204226] smpboot: CPU0: Intel(R) Core(TM) i9-9880H CPU @ 2.30GHz (family: 0x6, model: 0x9e, stepping: 0xd)
[    0.208141] Performance Events: unsupported p6 CPU model 158 no PMU driver, software events only.
[    0.212065] Hierarchical SRCU implementation.
[    0.216525] NMI watchdog: Perf event create on CPU 0 failed with -2
[    0.220002] NMI watchdog: Perf NMI watchdog permanently disabled
[    0.224104] smp: Bringing up secondary CPUs ...
[    0.228248] x86: Booting SMP configuration:
[    0.232003] .... node  #0, CPUs:      #1
[    0.004000] kvm-clock: cpu 1, msr 1:19f52041, secondary cpu clock
[    0.236228] smp: Brought up 1 node, 2 CPUs
[    0.240004] smpboot: Max logical packages: 1
[    0.242565] smpboot: Total of 2 processors activated (9230.86 BogoMIPS)
[    0.244203] devtmpfs: initialized
[    0.248059] x86/mm: Memory block size: 128MB
[    0.252416] evm: security.selinux
[    0.254594] evm: security.SMACK64
[    0.256003] evm: security.SMACK64EXEC
[    0.258298] evm: security.SMACK64TRANSMUTE
[    0.260000] evm: security.SMACK64MMAP
[    0.260003] evm: security.apparmor
[    0.264002] evm: security.ima
[    0.265933] evm: security.capability
[    0.268477] clocksource: jiffies: mask: 0xffffffff max_cycles: 0xffffffff, max_idle_ns: 7645041785100000 ns
[    0.272032] futex hash table entries: 512 (order: 3, 32768 bytes)
[    0.276060] pinctrl core: initialized pinctrl subsystem
[    0.280310] RTC time: 19:57:10, date: 02/11/24
[    0.284282] NET: Registered protocol family 16
[    0.288067] audit: initializing netlink subsys (disabled)
[    0.292079] audit: type=2000 audit(1707681434.327:1): state=initialized audit_enabled=0 res=1
[    0.296006] cpuidle: using governor ladder
[    0.298872] cpuidle: using governor menu
[    0.300053] ACPI: bus type PCI registered
[    0.302569] acpiphp: ACPI Hot Plug PCI Controller Driver version: 0.5
[    0.308058] PCI: Using configuration type 1 for base access
[    0.312239] HugeTLB registered 2.00 MiB page size, pre-allocated 0 pages
[    0.316222] ACPI: Added _OSI(Module Device)
[    0.320028] ACPI: Added _OSI(Processor Device)
[    0.324015] ACPI: Added _OSI(3.0 _SCP Extensions)
[    0.328003] ACPI: Added _OSI(Processor Aggregator Device)
[    0.331391] ACPI: Added _OSI(Linux-Dell-Video)
[    0.332004] ACPI: Added _OSI(Linux-Lenovo-NV-HDMI-Audio)
[    0.336003] ACPI: Added _OSI(Linux-HPI-Hybrid-Graphics)
[    0.340605] ACPI: Executed 1 blocks of module-level executable AML code
[    0.348779] ACPI: Interpreter enabled
[    0.350970] ACPI: (supports S0 S5)
[    0.352003] ACPI: Using IOAPIC for interrupt routing
[    0.356151] PCI: Using host bridge windows from ACPI; if necessary, use "pci=nocrs" and report a bug
[    0.360215] ACPI: Enabled 2 GPEs in block 00 to 07
[    0.373387] ACPI: PCI Root Bridge [PCI0] (domain 0000 [bus 00-ff])
[    0.376011] acpi PNP0A03:00: _OSC: OS supports [ASPM ClockPM Segments MSI]
[    0.380704] acpi PNP0A03:00: _OSC: not requesting OS control; OS requires [ExtendedConfig ASPM ClockPM MSI]
[    0.384011] acpi PNP0A03:00: fail to add MMCONFIG information, can't access extended PCI configuration space under this bridge.
[    0.388618] PCI host bridge to bus 0000:00
[    0.392004] pci_bus 0000:00: root bus resource [io  0x0000-0x0cf7 window]
[    0.396003] pci_bus 0000:00: root bus resource [io  0x0d00-0xffff window]
[    0.400003] pci_bus 0000:00: root bus resource [mem 0x000a0000-0x000bffff window]
[    0.404003] pci_bus 0000:00: root bus resource [mem 0xe0000000-0xfdffffff window]
[    0.408004] pci_bus 0000:00: root bus resource [bus 00-ff]
[    0.417531] pci 0000:00:01.1: legacy IDE quirk: reg 0x10: [io  0x01f0-0x01f7]
[    0.420003] pci 0000:00:01.1: legacy IDE quirk: reg 0x14: [io  0x03f6]
[    0.424003] pci 0000:00:01.1: legacy IDE quirk: reg 0x18: [io  0x0170-0x0177]
[    0.428003] pci 0000:00:01.1: legacy IDE quirk: reg 0x1c: [io  0x0376]
[    0.511499] pci 0000:00:07.0: quirk: [io  0x4000-0x403f] claimed by PIIX4 ACPI
[    0.512032] pci 0000:00:07.0: quirk: [io  0x4100-0x410f] claimed by PIIX4 SMB
[    0.541133] ACPI: PCI Interrupt Link [LNKA] (IRQs 5 9 10 *11)
[    0.544525] ACPI: PCI Interrupt Link [LNKB] (IRQs 5 9 *10 11)
[    0.548194] ACPI: PCI Interrupt Link [LNKC] (IRQs 5 *9 10 11)
[    0.552201] ACPI: PCI Interrupt Link [LNKD] (IRQs 5 9 10 *11)
[    0.556310] SCSI subsystem initialized
[    0.560206] pci 0000:00:02.0: vgaarb: setting as boot VGA device
[    0.564000] pci 0000:00:02.0: vgaarb: VGA device added: decodes=io+mem,owns=io+mem,locks=none
[    0.564007] pci 0000:00:02.0: vgaarb: bridge control possible
[    0.568002] vgaarb: loaded
[    0.572064] ACPI: bus type USB registered
[    0.574765] usbcore: registered new interface driver usbfs
[    0.576012] usbcore: registered new interface driver hub
[    0.580013] usbcore: registered new device driver usb
[    0.584119] EDAC MC: Ver: 3.0.0
[    0.588635] PCI: Using ACPI for IRQ routing
[    0.592119] NetLabel: Initializing
[    0.594298] NetLabel:  domain hash size = 128
[    0.596002] NetLabel:  protocols = UNLABELED CIPSOv4 CALIPSO
[    0.600042] NetLabel:  unlabeled traffic allowed by default
[    0.604226] clocksource: Switched to clocksource kvm-clock
[    0.621225] VFS: Disk quotas dquot_6.6.0
[    0.623625] VFS: Dquot-cache hash table entries: 512 (order 0, 4096 bytes)
[    0.627631] AppArmor: AppArmor Filesystem Enabled
[    0.630478] pnp: PnP ACPI init
[    0.634585] pnp: PnP ACPI: found 3 devices
[    0.652773] clocksource: acpi_pm: mask: 0xffffff max_cycles: 0xffffff, max_idle_ns: 2085701024 ns
[    0.657720] NET: Registered protocol family 2
[    0.660758] IP idents hash table entries: 65536 (order: 7, 524288 bytes)
[    0.665068] TCP established hash table entries: 32768 (order: 6, 262144 bytes)
[    0.669600] TCP bind hash table entries: 32768 (order: 7, 524288 bytes)
[    0.673833] TCP: Hash tables configured (established 32768 bind 32768)
[    0.677792] UDP hash table entries: 2048 (order: 4, 65536 bytes)
[    0.681407] UDP-Lite hash table entries: 2048 (order: 4, 65536 bytes)
[    0.685278] NET: Registered protocol family 1
[    0.687997] pci 0000:00:00.0: Limiting direct PCI/PCI transfers
[    0.691591] pci 0000:00:01.0: Activating ISA DMA hang workarounds
[    0.695426] pci 0000:00:02.0: Video device with shadowed ROM at [mem 0x000c0000-0x000dffff]
[    0.700523] Unpacking initramfs...
[    1.007045] Freeing initrd memory: 20396K
[    1.010307] PCI-DMA: Using software bounce buffering for IO (SWIOTLB)
[    1.013994] software IO TLB: mapped [mem 0xdbff0000-0xdfff0000] (64MB)
[    1.017841] clocksource: tsc: mask: 0xffffffffffffffff max_cycles: 0x2143ae5912d, max_idle_ns: 440795290505 ns
[    1.023434] platform rtc_cmos: registered platform RTC device (no PNP device found)
[    1.027815] Scanning for low memory corruption every 60 seconds
[    1.032725] Initialise system trusted keyrings
[    1.035425] Key type blacklist registered
[    1.038329] workingset: timestamp_bits=36 max_order=20 bucket_order=0
[    1.043516] zbud: loaded
[    1.045974] squashfs: version 4.0 (2009/01/31) Phillip Lougher
[    1.050052] fuse init (API version 7.26)
[    1.061363] Key type asymmetric registered
[    1.063915] Asymmetric key parser 'x509' registered
[    1.066972] Block layer SCSI generic (bsg) driver version 0.4 loaded (major 246)
[    1.071469] io scheduler noop registered
[    1.073964] io scheduler deadline registered
[    1.076643] io scheduler cfq registered (default)
[    1.080190] ACPI: AC Adapter [AC] (on-line)
[    1.083257] input: Power Button as /devices/LNXSYSTM:00/LNXPWRBN:00/input/input0
[    1.088248] ACPI: Power Button [PWRF]
[    1.090902] input: Sleep Button as /devices/LNXSYSTM:00/LNXSLPBN:00/input/input1
[    1.095306] ACPI: Sleep Button [SLPF]
[    1.099131] Serial: 8250/16550 driver, 32 ports, IRQ sharing enabled
[    1.101033] ACPI: Battery Slot [BAT0] (battery present)
[    1.132004] 00:02: ttyS0 at I/O 0x3f8 (irq = 4, base_baud = 115200) is a 16550A
[    1.137499] Linux agpgart interface v0.103
[    1.142862] loop: module loaded
[    1.146905] scsi host0: ata_piix
[    1.149393] scsi host1: ata_piix
[    1.151597] ata1: PATA max UDMA/33 cmd 0x1f0 ctl 0x3f6 bmdma 0xd000 irq 14
[    1.155808] ata2: PATA max UDMA/33 cmd 0x170 ctl 0x376 bmdma 0xd008 irq 15
[    1.161071] tun: Universal TUN/TAP device driver, 1.6
[    1.164461] PPP generic driver version 2.4.2
[    1.167334] ehci_hcd: USB 2.0 'Enhanced' Host Controller (EHCI) Driver
[    1.168349] ehci-pci: EHCI PCI platform driver
[    1.174205] ehci-platform: EHCI generic platform driver
[    1.177536] ohci_hcd: USB 1.1 'Open' Host Controller (OHCI) Driver
[    1.181275] ohci-pci: OHCI PCI platform driver
[    1.184260] ohci-platform: OHCI generic platform driver
[    1.187497] uhci_hcd: USB Universal Host Controller Interface driver
[    1.188233] i8042: PNP: PS/2 Controller [PNP0303:PS2K,PNP0f03:PS2M] at 0x60,0x64 irq 1,12
[    1.198849] serio: i8042 KBD port at 0x60,0x64 irq 1
[    1.201589] serio: i8042 AUX port at 0x60,0x64 irq 12
[    1.205327] mousedev: PS/2 mouse device common for all mice
[    1.209591] input: AT Translated Set 2 keyboard as /devices/platform/i8042/serio0/input/input2
[    1.216876] rtc_cmos rtc_cmos: rtc core: registered rtc_cmos as rtc0
[    1.221074] rtc_cmos rtc_cmos: alarms up to one day, 114 bytes nvram
[    1.224946] i2c /dev entries driver
[    1.227279] device-mapper: uevent: version 1.0.3
[    1.230402] device-mapper: ioctl: 4.37.0-ioctl (2017-09-20) initialised: dm-devel@redhat.com
[    1.235544] ledtrig-cpu: registered to indicate activity on CPUs
[    1.240131] NET: Registered protocol family 10
[    1.248724] Segment Routing with IPv6
[    1.251059] NET: Registered protocol family 17
[    1.254051] Key type dns_resolver registered
[    1.257536] mce: Using 0 MCE banks
[    1.259900] RAS: Correctable Errors collector initialized.
[    1.263267] sched_clock: Marking stable (1263199841, 0)->(1874304939, -611105098)
[    1.269716] registered taskstats version 1
[    1.272299] Loading compiled-in X.509 certificates
[    1.278347] Loaded X.509 cert 'Build time autogenerated kernel key: cdc7189136aaa35407544516090e2034d9c28e14'
[    1.285046] Loaded X.509 cert 'Canonical Ltd. Live Patch Signing: 14df34d1a87cf37625abec039ef2bf521249b969'
[    1.291066] Loaded X.509 cert 'Canonical Ltd. Kernel Module Signing: 88f752e560a1e0737e31163a466ad7b70a850c19'
[    1.296809] blacklist: Loading compiled-in revocation X.509 certificates
[    1.300808] Loaded X.509 cert 'Canonical Ltd. Secure Boot Signing: 61482aa2830d0ab2ad5af10b7250da9033ddcef0'
[    1.306549] Loaded X.509 cert 'Canonical Ltd. Secure Boot Signing (2017): 242ade75ac4a15e50d50c84b0d45ff3eae707a03'
[    1.312510] Loaded X.509 cert 'Canonical Ltd. Secure Boot Signing (ESM 2018): 365188c1d374d6b07c3c8f240f8ef722433d6a8b'
[    1.318648] Loaded X.509 cert 'Canonical Ltd. Secure Boot Signing (2019): c0746fd6c5da3ae827864651ad66ae47fe24b3e8'
[    1.325139] Loaded X.509 cert 'Canonical Ltd. Secure Boot Signing (2021 v1): a8d54bbb3825cfb94fa13c9f8a594a195c107b8d'
[    1.331992] Loaded X.509 cert 'Canonical Ltd. Secure Boot Signing (2021 v2): 4cf046892d6fd3c9a5b03f98d845f90851dc6a8c'
[    1.338806] Loaded X.509 cert 'Canonical Ltd. Secure Boot Signing (2021 v3): 100437bb6de6e469b581e61cd66bce3ef4ed53af'
[    1.345709] Loaded X.509 cert 'Canonical Ltd. Secure Boot Signing (Ubuntu Core 2019): c1d57b8f6b743f23ee41f4f7ee292f06eecadfb9'
[    1.356215] zswap: loaded using pool lzo/zbud
[    1.384349] Key type big_key registered
[    1.386839] Key type trusted registered
[    1.392369] Key type encrypted registered
[    1.394997] AppArmor: AppArmor sha1 policy hashing enabled
[    1.398398] ima: No TPM chip found, activating TPM-bypass! (rc=-19)
[    1.402321] ima: Allocated hash algorithm: sha1
[    1.405257] evm: HMAC attrs: 0x1
[    1.408128]   Magic number: 12:260:1001
[    1.411140] rtc_cmos rtc_cmos: setting system clock to 2024-02-11 19:57:11 UTC (1707681431)
[    1.416578] BIOS EDD facility v0.16 2004-Jun-25, 0 devices found
[    1.420677] EDD information not available.
[    1.426692] Freeing unused kernel image memory: 2480K
[    1.445123] Write protecting the kernel read-only data: 20480k
[    1.449773] Freeing unused kernel image memory: 2008K
[    1.454446] Freeing unused kernel image memory: 1820K
[    1.464334] x86/mm: Checked W+X mappings: passed, no W+X pages found.
[    1.469178] x86/mm: Checking user space page tables
[    1.478547] x86/mm: Checked W+X mappings: passed, no W+X pages found.
Loading, please wait...
starting version 237
[    1.564691] e1000: Intel(R) PRO/1000 Network Driver - version 7.3.21-k8-NAPI
[    1.569319] e1000: Copyright (c) 1999-2006 Intel Corporation.
[    1.578984] Fusion MPT base driver 3.04.20
[    1.583005] Copyright (c) 1999-2008 LSI Corporation
[    1.589912] Fusion MPT SPI Host driver 3.04.20
[    1.614383] AVX2 version of gcm_enc/dec engaged.
[    1.617550] AES CTR mode by8 optimization enabled
[    1.802959] input: ImExPS/2 Generic Explorer Mouse as /devices/platform/i8042/serio1/input/input4
[    2.103592] e1000 0000:00:03.0 eth0: (PCI:33MHz:32-bit) 02:3b:7b:b7:3b:2d
[    2.107788] e1000 0000:00:03.0 eth0: Intel(R) PRO/1000 Network Connection
[    2.113973] mptbase: ioc0: Initiating bringup
[    2.222348] ioc0: LSI53C1030 A0: Capabilities={Initiator}
[    2.473455] scsi host2: ioc0: LSI53C1030 A0, FwRev=00000000h, Ports=1, MaxQ=256, IRQ=20
[    2.650131] scsi 2:0:0:0: Direct-Access     VBOX     HARDDISK         1.0  PQ: 0 ANSI: 5
[    2.684781] scsi target2:0:0: Beginning Domain Validation
[    2.692018] scsi target2:0:0: Domain Validation skipping write tests
[    2.696325] scsi target2:0:0: Ending Domain Validation
[    2.699979] scsi target2:0:0: asynchronous
[    2.704060] scsi 2:0:1:0: Direct-Access     VBOX     HARDDISK         1.0  PQ: 0 ANSI: 5
[    2.870016] scsi target2:0:1: Beginning Domain Validation
[    2.875823] scsi target2:0:1: Domain Validation skipping write tests
[    2.879726] scsi target2:0:1: Ending Domain Validation
[    2.883271] scsi target2:0:1: asynchronous
[    2.893300] sd 2:0:0:0: [sda] 83886080 512-byte logical blocks: (42.9 GB/40.0 GiB)
[    2.898025] sd 2:0:0:0: [sda] Write Protect is off
[    2.901470] sd 2:0:0:0: Attached scsi generic sg0 type 0
[    2.905163] sd 2:0:0:0: [sda] Incomplete mode parameter data
[    2.908702] sd 2:0:0:0: [sda] Assuming drive cache: write through
[    2.913270] sd 2:0:1:0: [sdb] 20480 512-byte logical blocks: (10.5 MB/10.0 MiB)
[    2.918027] sd 2:0:1:0: [sdb] Write Protect is off
[    2.921331] sd 2:0:1:0: Attached scsi generic sg1 type 0
[    2.925067] sd 2:0:1:0: [sdb] Incomplete mode parameter data
[    2.928636] sd 2:0:1:0: [sdb] Assuming drive cache: write through
[    2.934757]  sda: sda1
[    2.937711] sd 2:0:0:0: [sda] Attached SCSI disk
[    2.943864] sd 2:0:1:0: [sdb] Attached SCSI disk
[    3.142141] e1000 0000:00:08.0 eth1: (PCI:33MHz:32-bit) 08:00:27:2d:1d:72
[    3.146197] e1000 0000:00:08.0 eth1: Intel(R) PRO/1000 Network Connection
[    3.151831] e1000 0000:00:08.0 enp0s8: renamed from eth1
[    3.167231] e1000 0000:00:03.0 enp0s3: renamed from eth0
Begin: Loading essential drivers ... [    5.216293] raid6: sse2x1   gen() 12480 MB/s
[    5.264853] raid6: sse2x1   xor()  7221 MB/s
[    5.316290] raid6: sse2x2   gen() 15253 MB/s
[    5.365389] raid6: sse2x2   xor() 10024 MB/s
[    5.416768] raid6: sse2x4   gen() 16319 MB/s
[    5.468705] raid6: sse2x4   xor()  9747 MB/s
[    5.516541] raid6: avx2x1   gen() 24146 MB/s
[    5.564786] raid6: avx2x1   xor() 14827 MB/s
[    5.612384] raid6: avx2x2   gen() 29063 MB/s
[    5.665154] raid6: avx2x2   xor() 19337 MB/s
[    5.717205] raid6: avx2x4   gen() 30662 MB/s
[    5.769105] raid6: avx2x4   xor() 20081 MB/s
[    5.772622] raid6: using algorithm avx2x4 gen() 30662 MB/s
[    5.775907] raid6: .... xor() 20081 MB/s, rmw enabled
[    5.779010] raid6: using avx2x2 recovery algorithm
[    5.782973] xor: automatically using best checksumming function   avx       
[    5.787990] async_tx: api initialized (async)
done.
Begin: Running /scripts/init-premount ... done.
Begin: Mounting root file system ... Begin: Running /scripts/local-top ... done.
Begin: Running /scripts/local-premount ... [    5.841757] Btrfs loaded, crc32c=crc32c-intel
Scanning for Btrfs filesystems
done.
Begin: Will now check root file system ... fsck from util-linux 2.31.1
[/sbin/fsck.ext4 (1) -- /dev/sda1] fsck.ext4 -a -C0 /dev/sda1 
cloudimg-rootfs: clean, 99345/5120000 files, 885269/10485499 blocks
done.
[    5.894279] EXT4-fs (sda1): mounted filesystem with ordered data mode. Opts: (null)
done.
Begin: Running /scripts/local-bottom ... done.
Begin: Running /scripts/init-bottom ... done.
[    6.113350] ip_tables: (C) 2000-2006 Netfilter Core Team
[    6.127537] systemd[1]: systemd 237 running in system mode. (+PAM +AUDIT +SELINUX +IMA +APPARMOR +SMACK +SYSVINIT +UTMP +LIBCRYPTSETUP +GCRYPT +GNUTLS +ACL +XZ +LZ4 +SECCOMP +BLKID +ELFUTILS +KMOD -IDN2 +IDN -PCRE2 default-hierarchy=hybrid)
[    6.139174] systemd[1]: Detected virtualization oracle.
[    6.142366] systemd[1]: Detected architecture x86-64.

Welcome to [1mUbuntu 18.04.6 LTS[0m!

[    6.160879] systemd[1]: Set hostname to <dockerengine>.
[    6.452198] systemd[1]: Created slice System Slice.
[[0;32m  OK  [0m] Created slice System Slice.
[    6.457897] systemd[1]: Listening on Journal Socket.
[[0;32m  OK  [0m] Listening on Journal Socket.
[    6.464348] systemd[1]: Starting Set the console keyboard layout...
         Starting Set the console keyboard layout...
[    6.473014] systemd[1]: Starting Load Kernel Modules...
         Starting Load Kernel Modules...
[    6.478067] systemd[1]: Started Forward Password Requests to Wall Directory Watch.
[[0;32m  OK  [0m] Started Forward Password Requests to Wall Directory Watch.
[    6.486668] systemd[1]: Created slice system-serial\x2dgetty.slice.
[[0;32m  OK  [0m] Created slice system-serial\x2dgetty.slice.
         Starting Uncomplicated firewall...
[[0;32m  OK  [0m] Listening on fsck to fsckd communication Socket.
         Starting Create list of required st…ce nodes for the current kernel...
[[0;32m  OK  [0m] Listening on udev Control Socket.
[[0;32m  OK  [0m] [    6.508075] Loading iSCSI transport class v2.0-870.
Listening on LVM2 poll daemon socket.
[[0;32m  OK  [0m] Listening on Device-mapper event daemon FIFOs.
         Mounting Kernel Debug File System...
         Mounting POSIX Message Queue File System...
[    6.521665] iscsi: registered transport (tcp)
[[0;32m  OK  [0m] Listening on Network Service Netlink Socket.
[[0;32m  OK  [0m] Created slice User and Session Slice.
[[0;32m  OK  [0m] Listening on LVM2 metadata daemon socket.
[[0;32m  OK  [0m] Reached target User and Group Name Lookups.
         Starting Monitoring of LVM2 mirrors…ng dmeventd or progress polling...
[[0;32m  OK  [0m] Listening on Syslog Socket.
[[0;32m  OK  [0m] Reached target Slices.
[[0;32m  OK  [0m] Listening on Journal Audit Socket.
[[0;32m  OK  [0m] Reached target Mounting snaps.
[[0;32m  OK  [0m] Listening on /dev/initctl Compatibility Named Pipe.
         Starting Remount Root and Kernel File Systems...
[[0;32m  OK  [0m] Set up automount Arbitrary Executab…rmats File System Automount Point.
[[0;32m  OK  [0m] Reached target Mounted snaps.
         Mounting Huge Pages File System...
[    6.582645] iscsi: registered transport (iser)
[[0;32m  OK  [0m] Reached target Swap.
[[0;32m  OK  [0m] Reached target System Time Synchronized.
[[0;32m  OK  [0m] Listening on udev Kernel Socket.
         Starting udev Coldplug all Devices...
[[0;32m  OK  [0m] Listening on Journal Socket (/dev/log).
         Starting Journal Service...
[[0;32m  OK  [0m] Started Load Kernel Modules.
[[0;32m  OK  [0m] Started Uncomplicated firewall.
[[0;32m  OK  [0m] Started Create list of required sta…vice nodes for the current kernel.
[[0;32m  OK  [0m] Mounted Kernel Debug File System.
[[0;32m  OK  [0m] Mounted POSIX Message Queue File System.
[[0;32m  OK  [0m] Mounted Huge Pages File System.[    6.644753] EXT4-fs (sda1): re-mounted. Opts: (null)

[[0;32m  OK  [0m] Started Remount Root and Kernel File Systems.
[[0;32m  OK  [0m] Started LVM2 metadata daemon.
         Starting Load/Save Random Seed...
         Starting Create Static Device Nodes in /dev...
         Starting Apply Kernel Variables...
         Mounting Kernel Configuration File System...
         Mounting FUSE Control File System...
[[0;32m  OK  [0m] Started Monitoring of LVM2 mirrors,…sing dmeventd or progress polling.
[[0;32m  OK  [0m] Started Load/Save Random Seed.
[[0;32m  OK  [0m] Started Journal Service.
         Starting Flush Journal to Persistent Storage...
[[0;32m  OK  [0m] Mounted FUSE Control File System.
[[0;32m  OK  [0m] Started Create Static Device Nodes in /dev.
[[0;32m  OK  [0m] Mounted Kernel Configuration File System.
         Starting udev Kernel Device Manager...
[[0;32m  OK  [0m] Started udev Coldplug all Devices.
[[0;32m  OK  [0m] Started Set the console keyboard layout.
[[0;32m  OK  [0m] Reached target Local File Systems (Pre).
[[0;32m  OK  [0m] Reached target Local File Systems.
         Starting ebtables ruleset management...
         Starting Tell Plymouth To Write Out Runtime Data...
         Starting AppArmor initialization...
         Starting Set console font and keymap...
[[0;32m  OK  [0m] Started udev Kernel Device Manager.
[[0;32m  OK  [0m] Started Dispatch Password Requests to Console Directory Watch.
[[0;32m  OK  [0m] Reached target Local Encrypted Volumes.
[[0;32m  OK  [0m] Started Apply Kernel Variables.
[[0;32m  OK  [0m] Started Tell Plymouth To Write Out Runtime Data.
[[0;32m  OK  [0m] Started Set console font and keymap.
[[0;32m  OK  [0m] Started Flush Journal to Persistent Storage.
         Starting Create Volatile Files and Directories...
[[0;32m  OK  [0m] Started Create Volatile Files and Directories.
         Starting Update UTMP about System Boot/Shutdown...
[[0;32m  OK  [0m] Started ebtables ruleset management.
[[0;32m  OK  [0m] Started Update UTMP about System Boot/Shutdown.
[[0;32m  OK  [0m] Found device /dev/ttyS0.
[[0;32m  OK  [0m] Listening on Load/Save RF Kill Switch Status /dev/rfkill Watch.
[[0;32m  OK  [0m] Started AppArmor initialization.
         Starting Initial cloud-init job (pre-networking)...
         Starting Load AppArmor profiles managed internally by snapd...
         Mounting Arbitrary Executable File Formats File System...
[[0;32m  OK  [0m] Mounted Arbitrary Executable File Formats File System.
[[0;32m  OK  [0m] Started Load AppArmor profiles managed internally by snapd.
[    8.383570] cloud-init[569]: Cloud-init v. 23.1.2-0ubuntu0~18.04.1 running 'init-local' at Sun, 11 Feb 2024 19:57:18 +0000. Up 8.20 seconds.
[[0;32m  OK  [0m] Started Initial cloud-init job (pre-networking).
[[0;32m  OK  [0m] Reached target Network (Pre).
         Starting Network Service...
[[0;32m  OK  [0m] Started Network Service.
         Starting Wait for Network to be Configured...
         Starting Network Name Resolution...
[[0;32m  OK  [0m] Started Network Name Resolution.
[[0;32m  OK  [0m] Reached target Host and Network Name Lookups.
[[0;32m  OK  [0m] Reached target Network.
[[0;32m  OK  [0m] Started Wait for Network to be Configured.
         Starting Initial cloud-init job (metadata service crawler)...
[   10.164456] cloud-init[672]: Cloud-init v. 23.1.2-0ubuntu0~18.04.1 running 'init' at Sun, 11 Feb 2024 19:57:20 +0000. Up 10.04 seconds.
[   10.168396] cloud-init[672]: ci-info: ++++++++++++++++++++++++++++++++++++++Net device info+++++++++++++++++++++++++++++++++++++++
[   10.171826] cloud-init[672]: ci-info: +--------+------+-----------------------------+---------------+--------+-------------------+
[   10.174676] cloud-init[672]: ci-info: | Device |  Up  |           Address           |      Mask     | Scope  |     Hw-Address    |
[   10.177581] cloud-init[672]: ci-info: +--------+------+-----------------------------+---------------+--------+-------------------+
[   10.180437] cloud-init[672]: ci-info: | enp0s3 | True |          10.0.2.15          | 255.255.255.0 | global | 02:3b:7b:b7:3b:2d |
[   10.183349] cloud-init[672]: ci-info: | enp0s3 | True |  fe80::3b:7bff:feb7:3b2d/64 |       .       |  link  | 02:3b:7b:b7:3b:2d |
[   10.186204] cloud-init[672]: ci-info: | enp0s8 | True |        192.168.56.27        | 255.255.255.0 | global | 08:00:27:2d:1d:72 |
[   10.189179] cloud-init[672]: ci-info: | enp0s8 | True | fe80::a00:27ff:fe2d:1d72/64 |       .       |  link  | 08:00:27:2d:1d:72 |
[   10.192581] cloud-init[672]: ci-info: |   lo   | True |          127.0.0.1          |   255.0.0.0   |  host  |         .         |
[   10.195352] cloud-init[672]: ci-info: |   lo   | True |           ::1/128           |       .       |  host  |         .         |
[   10.198158] cloud-init[672]: ci-info: +--------+------+-----------------------------+---------------+--------+-------------------+
[   10.200944] cloud-init[672]: ci-info: +++++++++++++++++++++++++++++Route IPv4 info+++++++++++++++++++++++++++++
[   10.203576] cloud-init[672]: ci-info: +-------+--------------+----------+-----------------+-----------+-------+
[   10.207327] cloud-init[672]: ci-info: | Route | Destination  | Gateway  |     Genmask     | Interface | Flags |
[   10.209963] cloud-init[672]: ci-info: +-------+--------------+----------+-----------------+-----------+-------+
[   10.212582] cloud-init[672]: ci-info: |   0   |   0.0.0.0    | 10.0.2.2 |     0.0.0.0     |   enp0s3  |   UG  |
[   10.215803] cloud-init[672]: ci-info: |   1   |   10.0.2.0   | 0.0.0.0  |  255.255.255.0  |   enp0s3  |   U   |
[   10.218468] cloud-init[672]: ci-info: |   2   |   10.0.2.2   | 0.0.0.0  | 255.255.255.255 |   enp0s3  |   UH  |
[   10.221051] cloud-init[672]: ci-info: |   3   | 192.168.56.0 | 0.0.0.0  |  255.255.255.0  |   enp0s8  |   U   |
[   10.224164] cloud-init[672]: ci-info: +-------+--------------+----------+-----------------+-----------+-------+
[   10.226700] cloud-init[672]: ci-info: +++++++++++++++++++Route IPv6 info+++++++++++++++++++
[   10.228839] cloud-init[672]: ci-info: +-------+-------------+---------+-----------+-------+
[   10.231486] cloud-init[672]: ci-info: | Route | Destination | Gateway | Interface | Flags |
[   10.233562] cloud-init[672]: ci-info: +-------+-------------+---------+-----------+-------+
[   10.235617] cloud-init[672]: ci-info: |   1   |  fe80::/64  |    ::   |   enp0s8  |   U   |
[   10.237662] cloud-init[672]: ci-info: |   2   |  fe80::/64  |    ::   |   enp0s3  |   U   |
[   10.239682] cloud-init[672]: ci-info: |   4   |    local    |    ::   |   enp0s3  |   U   |
[   10.241724] cloud-init[672]: ci-info: |   5   |    local    |    ::   |   enp0s8  |   U   |
[   10.243751] cloud-init[672]: ci-info: |   6   |   ff00::/8  |    ::   |   enp0s8  |   U   |
[   10.245818] cloud-init[672]: ci-info: |   7   |   ff00::/8  |    ::   |   enp0s3  |   U   |
[   10.247848] cloud-init[672]: ci-info: +-------+-------------+---------+-----------+-------+
[[0;32m  OK  [0m] Started Initial cloud-init job (metadata service crawler).
[[0;32m  OK  [0m] Reached target Cloud-config availability.
[[0;32m  OK  [0m] Reached target System Initialization.
[[0;32m  OK  [0m] Listening on ACPID Listen Socket.
[[0;32m  OK  [0m] Started Daily Cleanup of Temporary Directories.
[[0;32m  OK  [0m] Listening on D-Bus System Message Bus Socket.
[[0;32m  OK  [0m] Listening on cloud-init hotplug hook socket.
[[0;32m  OK  [0m] Started Discard unused blocks once a week.
[[0;32m  OK  [0m] Started ACPI Events Check.
         Starting Docker Socket for the API.
[[0;32m  OK  [0m] Started Message of the Day.
         Starting LXD - unix socket.
[[0;32m  OK  [0m] Reached target Paths.
[[0;32m  OK  [0m] Listening on Open-iSCSI iscsid Socket.
[[0;32m  OK  [0m] Started Daily apt download activities.
[[0;32m  OK  [0m] Started Daily apt upgrade and clean activities.
         Starting Socket activation for snappy daemon.
[[0;32m  OK  [0m] Started Ubuntu Advantage Timer for running repeated jobs.
[[0;32m  OK  [0m] Reached target Timers.
[[0;32m  OK  [0m] Listening on UUID daemon activation socket.
[[0;32m  OK  [0m] Reached target Network is Online.
         Starting Availability of block devices...
[[0;32m  OK  [0m] Reached target Remote File Systems (Pre).
         Mounting /vagrant...
[[0;32m  OK  [0m] Listening on Docker Socket for the API.
[[0;32m  OK  [0m] Listening on LXD - unix socket.
[[0;32m  OK  [0m] Listening on Socket activation for snappy daemon.
[[0;32m  OK  [0m] Reached target Sockets.
[[0;32m  OK  [0m] Reached target Basic System.
[[0;32m  OK  [0m] Started irqbalance daemon.
         Starting OpenBSD Secure Shell server...
         Starting Login Service...
[[0;32m  OK  [0m] Started Regular background program processing daemon.
[[0;32m  OK  [0m] Started Deferred execution scheduler.
         Starting Virtualbox guest utils...
         Starting LXD - container startup/shutdown...
[[0;32m  OK  [0m] Reached target Login Prompts (Pre).
         Starting Dispatcher daemon for systemd-networkd...
         Starting System Logging Service...
         Starting LSB: Record successful boot for GRUB...
[[0;32m  OK  [0m] Started D-Bus System Message Bus.
         Starting Accounts Service...
         Starting Snap Daemon...
         Starting containerd container runtime...
[[0;32m  OK  [0m] Started FUSE filesystem for LXC.
[[0;32m  OK  [0m] Started System Logging Service.
[[0;32m  OK  [0m] Started Availability of block devices.
[[0;32m  OK  [0m] Mounted /vagrant.
[[0;32m  OK  [0m] Started Login Service.
[[0;32m  OK  [0m] Started OpenBSD Secure Shell server.
         Starting Authorization Manager...
[[0;32m  OK  [0m] Started Unattended Upgrades Shutdown.
[[0;32m  OK  [0m] Reached target Remote File Systems.
         Starting Permit User Sessions...
         Starting LSB: automatic crash report generation...
[[0;32m  OK  [0m] Started Permit User Sessions.
         Starting Terminate Plymouth Boot Screen...
         Starting Hold until boot process finishes up...
[[0;32m  OK  [0m] Started Hold until boot process finishes up.
[[0;32m  OK  [0m] Started Serial Getty on ttyS0.
         Starting Set console scheme...
[[0;32m  OK  [0m] Started Terminate Plymouth Boot Screen.
[[0;32m  OK  [0m] Started LXD - container startup/shutdown.
[[0;32m  OK  [0m] Started Authorization Manager.
[[0;32m  OK  [0m] Started Accounts Service.
[[0;32m  OK  [0m] Started Set console scheme.
[[0;32m  OK  [0m] Created slice system-getty.slice.
[[0;32m  OK  [0m] Started Getty on tty1.
[[0;32m  OK  [0m] Reached target Login Prompts.
[[0;32m  OK  [0m] Started LSB: Record successful boot for GRUB.
[[0;32m  OK  [0m] Started Virtualbox guest utils.
[[0;32m  OK  [0m] Started Dispatcher daemon for systemd-networkd.
[[0;32m  OK  [0m] Started LSB: automatic crash report generation.
[[0;32m  OK  [0m] Started containerd container runtime.
         Starting Docker Application Container Engine...
[[0;32m  OK  [0m] Created slice User Slice of vagrant.
         Starting User Manager for UID 1000...
[[0;32m  OK  [0m] Started Session 1 of user vagrant.
[[0;32m  OK  [0m] Started User Manager for UID 1000.
[[0;32m  OK  [0m] Started Snap Daemon.
         Starting Wait until snapd is fully seeded...
         Starting Time & Date Service...
[[0;32m  OK  [0m] Started Time & Date Service.
[[0;32m  OK  [0m] Started Wait until snapd is fully seeded.
         Starting Apply the settings specified in cloud-config...
[   13.375959] cloud-init[1241]: Cloud-init v. 23.1.2-0ubuntu0~18.04.1 running 'modules:config' at Sun, 11 Feb 2024 19:57:23 +0000. Up 13.26 seconds.
[[0;32m  OK  [0m] Started Apply the settings specified in cloud-config.
[[0;32m  OK  [0m] Started Docker Application Container Engine.
[[0;32m  OK  [0m] Reached target Multi-User System.
         Starting Execute cloud user/final scripts...
[[0;32m  OK  [0m] Reached target Graphical Interface.
         Starting Update UTMP about System Runlevel Changes...
[[0;32m  OK  [0m] Started Update UTMP about System Runlevel Changes.
[   14.648682] cloud-init[1515]: Cloud-init v. 23.1.2-0ubuntu0~18.04.1 running 'modules:final' at Sun, 11 Feb 2024 19:57:24 +0000. Up 14.52 seconds.
[   14.652227] cloud-init[1515]: Cloud-init v. 23.1.2-0ubuntu0~18.04.1 finished at Sun, 11 Feb 2024 19:57:24 +0000. Datasource DataSourceNoCloud [seed=/dev/sdb][dsmode=net].  Up 14.64 seconds
[[0;32m  OK  [0m] Started Execute cloud user/final scripts.
         Starting Daily apt download activities...
[[0;32m  OK  [0m] Reached target Cloud-init target.
[[0;32m  OK  [0m] Stopped Wait for Network to be Configured.
         Stopping Network Service...
         Starting Network Service...
[[0;32m  OK  [0m] Started Network Service.
         Starting Update APT News...
         Starting Update the local ESM caches...
         Stopping User Manager for UID 1000...
[[0;32m  OK  [0m] Started Update APT News.
[[0;32m  OK  [0m] Stopped User Manager for UID 1000.
[[0;32m  OK  [0m] Removed slice User Slice of vagrant.

Ubuntu 18.04.6 LTS dockerengine ttyS0

dockerengine login: 